[0m00:49:52.025628 [debug] [MainThread]: Sending event: {'category': 'dbt', 'action': 'invocation', 'label': 'start', 'context': [<snowplow_tracker.self_describing_json.SelfDescribingJson object at 0x1074cbe90>, <snowplow_tracker.self_describing_json.SelfDescribingJson object at 0x1074cba50>, <snowplow_tracker.self_describing_json.SelfDescribingJson object at 0x1074caf50>]}


============================== 00:49:52.030526 | 45ee363e-4b73-4c38-ac90-95eea3bfba92 ==============================
[0m00:49:52.030526 [info ] [MainThread]: Running with dbt=1.9.1
[0m00:49:52.030876 [debug] [MainThread]: running dbt with arguments {'printer_width': '80', 'indirect_selection': 'eager', 'log_cache_events': 'False', 'write_json': 'True', 'partial_parse': 'True', 'cache_selected_only': 'False', 'warn_error': 'None', 'version_check': 'True', 'debug': 'False', 'log_path': 'logs', 'fail_fast': 'False', 'profiles_dir': '/Users/phanhoangnguyen/.dbt', 'use_colors': 'True', 'use_experimental_parser': 'False', 'no_print': 'None', 'quiet': 'False', 'empty': 'None', 'warn_error_options': 'WarnErrorOptions(include=[], exclude=[])', 'static_parser': 'True', 'log_format': 'default', 'introspect': 'True', 'target_path': 'None', 'invocation_command': 'dbt init', 'send_anonymous_usage_stats': 'True'}
[0m00:49:52.037922 [warn ] [MainThread]: [ConfigFolderDirectory]: Unable to parse logging event dictionary. Failed to parse dir field: expected string or bytes-like object, got 'PosixPath'.. Dictionary: {'dir': PosixPath('/Users/phanhoangnguyen/.dbt')}
[0m00:49:52.038244 [info ] [MainThread]: Creating dbt configuration folder at 
[0m00:50:09.178447 [debug] [MainThread]: Starter project path: /opt/homebrew/lib/python3.11/site-packages/dbt/include/starter_project
[0m00:50:09.186093 [info ] [MainThread]: 
Your new dbt project "custom_postgres" was created!

For more information on how to configure the profiles.yml file,
please consult the dbt documentation here:

  https://docs.getdbt.com/docs/configure-your-profile

One more thing:

Need help? Don't hesitate to reach out to us via GitHub issues or on Slack:

  https://community.getdbt.com/

Happy modeling!

[0m00:50:09.186423 [info ] [MainThread]: Setting up your profile.
[0m00:52:09.776082 [info ] [MainThread]: Profile custom_postgres written to /Users/phanhoangnguyen/.dbt/profiles.yml using target's profile_template.yml and your supplied values. Run 'dbt debug' to validate the connection.
[0m00:52:10.136786 [debug] [MainThread]: Resource report: {"command_name": "init", "command_success": true, "command_wall_clock_time": 138.14586, "process_in_blocks": "0", "process_kernel_time": 0.183465, "process_mem_max_rss": "97124352", "process_out_blocks": "0", "process_user_time": 0.660032}
[0m00:52:10.139683 [debug] [MainThread]: Command `dbt init` succeeded at 00:52:10.138815 after 138.15 seconds
[0m00:52:10.143725 [debug] [MainThread]: Sending event: {'category': 'dbt', 'action': 'invocation', 'label': 'end', 'context': [<snowplow_tracker.self_describing_json.SelfDescribingJson object at 0x1074c61d0>, <snowplow_tracker.self_describing_json.SelfDescribingJson object at 0x100807cd0>, <snowplow_tracker.self_describing_json.SelfDescribingJson object at 0x100807e10>]}
[0m00:52:10.144659 [debug] [MainThread]: Flushing usage events
[0m00:52:11.415467 [debug] [MainThread]: An error was encountered while trying to flush usage events
